# JRE version: OpenJDK Runtime Environment (8.0_212-b04) (build 1.8.0_212-release-1586-b04)
# Java VM: OpenJDK 64-Bit Server VM (25.212-b04 mixed mode windows-amd64 compressed oops)
Heap:
 PSYoungGen      total 75776K, used 23918K [0x00000000e0000000, 0x00000000e7180000, 0x0000000100000000)
  eden space 64512K, 24% used [0x00000000e0000000,0x00000000e0f47648,0x00000000e3f00000)
  from space 11264K, 73% used [0x00000000e3f00000,0x00000000e4714310,0x00000000e4a00000)
  to   space 12800K, 0% used [0x00000000e6500000,0x00000000e6500000,0x00000000e7180000)
 ParOldGen       total 61440K, used 16189K [0x00000000a0000000, 0x00000000a3c00000, 0x00000000e0000000)
  object space 61440K, 26% used [0x00000000a0000000,0x00000000a0fcf7d8,0x00000000a3c00000)
 Metaspace       used 43128K, capacity 44414K, committed 44584K, reserved 1087488K
  class space    used 5802K, capacity 6130K, committed 6184K, reserved 1048576K
GC Heap History (10 events):
Event: 3.663 GC heap before
{Heap before GC invocations=9 (full 1):
 PSYoungGen      total 75776K, used 71790K [0x00000000e0000000, 0x00000000e5600000, 0x0000000100000000)
  eden space 64512K, 100% used [0x00000000e0000000,0x00000000e3f00000,0x00000000e3f00000)
  from space 11264K, 64% used [0x00000000e3f00000,0x00000000e461ba68,0x00000000e4a00000)
  to   space 10240K, 0% used [0x00000000e4a00000,0x00000000e4a00000,0x00000000e5400000)
 ParOldGen       total 61440K, used 9743K [0x00000000a0000000, 0x00000000a3c00000, 0x00000000e0000000)
  object space 61440K, 15% used [0x00000000a0000000,0x00000000a0983c40,0x00000000a3c00000)
 Metaspace       used 31855K, capacity 32576K, committed 32768K, reserved 1077248K
  class space    used 4306K, capacity 4547K, committed 4608K, reserved 1048576K
Event: 3.671 GC heap after
Heap after GC invocations=9 (full 1):
 PSYoungGen      total 74752K, used 8461K [0x00000000e0000000, 0x00000000e5600000, 0x0000000100000000)
  eden space 64512K, 0% used [0x00000000e0000000,0x00000000e0000000,0x00000000e3f00000)
  from space 10240K, 82% used [0x00000000e4a00000,0x00000000e52434d0,0x00000000e5400000)
  to   space 11264K, 0% used [0x00000000e3f00000,0x00000000e3f00000,0x00000000e4a00000)
 ParOldGen       total 61440K, used 9751K [0x00000000a0000000, 0x00000000a3c00000, 0x00000000e0000000)
  object space 61440K, 15% used [0x00000000a0000000,0x00000000a0985c40,0x00000000a3c00000)
 Metaspace       used 31855K, capacity 32576K, committed 32768K, reserved 1077248K
  class space    used 4306K, capacity 4547K, committed 4608K, reserved 1048576K
}
Event: 4.204 GC heap before
{Heap before GC invocations=10 (full 1):
 PSYoungGen      total 74752K, used 72973K [0x00000000e0000000, 0x00000000e5600000, 0x0000000100000000)
  eden space 64512K, 100% used [0x00000000e0000000,0x00000000e3f00000,0x00000000e3f00000)
  from space 10240K, 82% used [0x00000000e4a00000,0x00000000e52434d0,0x00000000e5400000)
  to   space 11264K, 0% used [0x00000000e3f00000,0x00000000e3f00000,0x00000000e4a00000)
 ParOldGen       total 61440K, used 9751K [0x00000000a0000000, 0x00000000a3c00000, 0x00000000e0000000)
  object space 61440K, 15% used [0x00000000a0000000,0x00000000a0985c40,0x00000000a3c00000)
 Metaspace       used 34596K, capacity 35344K, committed 35496K, reserved 1079296K
  class space    used 4769K, capacity 4995K, committed 5032K, reserved 1048576K
Event: 4.218 GC heap after
Heap after GC invocations=10 (full 1):
 PSYoungGen      total 75776K, used 11252K [0x00000000e0000000, 0x00000000e5600000, 0x0000000100000000)
  eden space 64512K, 0% used [0x00000000e0000000,0x00000000e0000000,0x00000000e3f00000)
  from space 11264K, 99% used [0x00000000e3f00000,0x00000000e49fd320,0x00000000e4a00000)
  to   space 10240K, 0% used [0x00000000e4a00000,0x00000000e4a00000,0x00000000e5400000)
 ParOldGen       total 61440K, used 9864K [0x00000000a0000000, 0x00000000a3c00000, 0x00000000e0000000)
  object space 61440K, 16% used [0x00000000a0000000,0x00000000a09a2018,0x00000000a3c00000)
 Metaspace       used 34596K, capacity 35344K, committed 35496K, reserved 1079296K
  class space    used 4769K, capacity 4995K, committed 5032K, reserved 1048576K
}
Event: 4.248 GC heap before
{Heap before GC invocations=11 (full 1):
 PSYoungGen      total 75776K, used 14824K [0x00000000e0000000, 0x00000000e5600000, 0x0000000100000000)
  eden space 64512K, 5% used [0x00000000e0000000,0x00000000e037d098,0x00000000e3f00000)
  from space 11264K, 99% used [0x00000000e3f00000,0x00000000e49fd320,0x00000000e4a00000)
  to   space 10240K, 0% used [0x00000000e4a00000,0x00000000e4a00000,0x00000000e5400000)
 ParOldGen       total 61440K, used 9864K [0x00000000a0000000, 0x00000000a3c00000, 0x00000000e0000000)
  object space 61440K, 16% used [0x00000000a0000000,0x00000000a09a2018,0x00000000a3c00000)
 Metaspace       used 34745K, capacity 35426K, committed 35496K, reserved 1079296K
  class space    used 4789K, capacity 4998K, committed 5032K, reserved 1048576K
Event: 4.257 GC heap after
Heap after GC invocations=11 (full 1):
 PSYoungGen      total 74752K, used 3440K [0x00000000e0000000, 0x00000000e5600000, 0x0000000100000000)
  eden space 64512K, 0% used [0x00000000e0000000,0x00000000e0000000,0x00000000e3f00000)
  from space 10240K, 33% used [0x00000000e4a00000,0x00000000e4d5c2f0,0x00000000e5400000)
  to   space 11264K, 0% used [0x00000000e3f00000,0x00000000e3f00000,0x00000000e4a00000)
 ParOldGen       total 61440K, used 15521K [0x00000000a0000000, 0x00000000a3c00000, 0x00000000e0000000)
  object space 61440K, 25% used [0x00000000a0000000,0x00000000a0f286e8,0x00000000a3c00000)
 Metaspace       used 34745K, capacity 35426K, committed 35496K, reserved 1079296K
  class space    used 4789K, capacity 4998K, committed 5032K, reserved 1048576K
}
Event: 4.257 GC heap before
{Heap before GC invocations=12 (full 2):
 PSYoungGen      total 74752K, used 3440K [0x00000000e0000000, 0x00000000e5600000, 0x0000000100000000)
  eden space 64512K, 0% used [0x00000000e0000000,0x00000000e0000000,0x00000000e3f00000)
  from space 10240K, 33% used [0x00000000e4a00000,0x00000000e4d5c2f0,0x00000000e5400000)
  to   space 11264K, 0% used [0x00000000e3f00000,0x00000000e3f00000,0x00000000e4a00000)
 ParOldGen       total 61440K, used 15521K [0x00000000a0000000, 0x00000000a3c00000, 0x00000000e0000000)
  object space 61440K, 25% used [0x00000000a0000000,0x00000000a0f286e8,0x00000000a3c00000)
 Metaspace       used 34745K, capacity 35426K, committed 35496K, reserved 1079296K
  class space    used 4789K, capacity 4998K, committed 5032K, reserved 1048576K
Event: 4.333 GC heap after
Heap after GC invocations=12 (full 2):
 PSYoungGen      total 74752K, used 0K [0x00000000e0000000, 0x00000000e5600000, 0x0000000100000000)
  eden space 64512K, 0% used [0x00000000e0000000,0x00000000e0000000,0x00000000e3f00000)
  from space 10240K, 0% used [0x00000000e4a00000,0x00000000e4a00000,0x00000000e5400000)
  to   space 11264K, 0% used [0x00000000e3f00000,0x00000000e3f00000,0x00000000e4a00000)
 ParOldGen       total 61440K, used 16181K [0x00000000a0000000, 0x00000000a3c00000, 0x00000000e0000000)
  object space 61440K, 26% used [0x00000000a0000000,0x00000000a0fcd7d8,0x00000000a3c00000)
 Metaspace       used 34745K, capacity 35426K, committed 35496K, reserved 1079296K
  class space    used 4789K, capacity 4998K, committed 5032K, reserved 1048576K
}
Event: 5.373 GC heap before
{Heap before GC invocations=13 (full 2):
 PSYoungGen      total 74752K, used 64512K [0x00000000e0000000, 0x00000000e5600000, 0x0000000100000000)
  eden space 64512K, 100% used [0x00000000e0000000,0x00000000e3f00000,0x00000000e3f00000)
  from space 10240K, 0% used [0x00000000e4a00000,0x00000000e4a00000,0x00000000e5400000)
  to   space 11264K, 0% used [0x00000000e3f00000,0x00000000e3f00000,0x00000000e4a00000)
 ParOldGen       total 61440K, used 16181K [0x00000000a0000000, 0x00000000a3c00000, 0x00000000e0000000)
  object space 61440K, 26% used [0x00000000a0000000,0x00000000a0fcd7d8,0x00000000a3c00000)
 Metaspace       used 40872K, capacity 42120K, committed 42280K, reserved 1085440K
  class space    used 5531K, capacity 5812K, committed 5928K, reserved 1048576K
Event: 5.379 GC heap after
Heap after GC invocations=13 (full 2):
 PSYoungGen      total 75776K, used 8272K [0x00000000e0000000, 0x00000000e7180000, 0x0000000100000000)
  eden space 64512K, 0% used [0x00000000e0000000,0x00000000e0000000,0x00000000e3f00000)
  from space 11264K, 73% used [0x00000000e3f00000,0x00000000e4714310,0x00000000e4a00000)
  to   space 12800K, 0% used [0x00000000e6500000,0x00000000e6500000,0x00000000e7180000)
 ParOldGen       total 61440K, used 16189K [0x00000000a0000000, 0x00000000a3c00000, 0x00000000e0000000)
  object space 61440K, 26% used [0x00000000a0000000,0x00000000a0fcf7d8,0x00000000a3c00000)
 Metaspace       used 40872K, capacity 42120K, committed 42280K, reserved 1085440K
  class space    used 5531K, capacity 5812K, committed 5928K, reserved 1048576K
}

