# JRE version: OpenJDK Runtime Environment (8.0_212-b04) (build 1.8.0_212-release-1586-b04)
# Java VM: OpenJDK 64-Bit Server VM (25.212-b04 mixed mode windows-amd64 compressed oops)
Heap:
 PSYoungGen      total 75776K, used 60486K [0x00000000e0000000, 0x00000000e5700000, 0x0000000100000000)
  eden space 64000K, 83% used [0x00000000e0000000,0x00000000e33e9100,0x00000000e3e80000)
  from space 11776K, 62% used [0x00000000e3e80000,0x00000000e45a8a80,0x00000000e4a00000)
  to   space 10240K, 0% used [0x00000000e4a00000,0x00000000e4a00000,0x00000000e5400000)
 ParOldGen       total 60928K, used 9746K [0x00000000a0000000, 0x00000000a3b80000, 0x00000000e0000000)
  object space 60928K, 15% used [0x00000000a0000000,0x00000000a0984ad0,0x00000000a3b80000)
 Metaspace       used 30506K, capacity 31220K, committed 31360K, reserved 1077248K
  class space    used 4213K, capacity 4479K, committed 4480K, reserved 1048576K
GC Heap History (10 events):
Event: 1.735 GC heap before
{Heap before GC invocations=4 (full 0):
 PSYoungGen      total 37888K, used 37856K [0x00000000e0000000, 0x00000000e2a00000, 0x0000000100000000)
  eden space 32768K, 100% used [0x00000000e0000000,0x00000000e2000000,0x00000000e2000000)
  from space 5120K, 99% used [0x00000000e2000000,0x00000000e24f8020,0x00000000e2500000)
  to   space 5120K, 0% used [0x00000000e2500000,0x00000000e2500000,0x00000000e2a00000)
 ParOldGen       total 86016K, used 1349K [0x00000000a0000000, 0x00000000a5400000, 0x00000000e0000000)
  object space 86016K, 1% used [0x00000000a0000000,0x00000000a01515c8,0x00000000a5400000)
 Metaspace       used 14607K, capacity 14988K, committed 15232K, reserved 1062912K
  class space    used 2044K, capacity 2164K, committed 2176K, reserved 1048576K
Event: 1.740 GC heap after
Heap after GC invocations=4 (full 0):
 PSYoungGen      total 37888K, used 5088K [0x00000000e0000000, 0x00000000e4a00000, 0x0000000100000000)
  eden space 32768K, 0% used [0x00000000e0000000,0x00000000e0000000,0x00000000e2000000)
  from space 5120K, 99% used [0x00000000e2500000,0x00000000e29f8040,0x00000000e2a00000)
  to   space 5120K, 0% used [0x00000000e2000000,0x00000000e2000000,0x00000000e2500000)
 ParOldGen       total 86016K, used 3844K [0x00000000a0000000, 0x00000000a5400000, 0x00000000e0000000)
  object space 86016K, 4% used [0x00000000a0000000,0x00000000a03c1368,0x00000000a5400000)
 Metaspace       used 14607K, capacity 14988K, committed 15232K, reserved 1062912K
  class space    used 2044K, capacity 2164K, committed 2176K, reserved 1048576K
}
Event: 2.048 GC heap before
{Heap before GC invocations=5 (full 0):
 PSYoungGen      total 37888K, used 37856K [0x00000000e0000000, 0x00000000e4a00000, 0x0000000100000000)
  eden space 32768K, 100% used [0x00000000e0000000,0x00000000e2000000,0x00000000e2000000)
  from space 5120K, 99% used [0x00000000e2500000,0x00000000e29f8040,0x00000000e2a00000)
  to   space 5120K, 0% used [0x00000000e2000000,0x00000000e2000000,0x00000000e2500000)
 ParOldGen       total 86016K, used 3844K [0x00000000a0000000, 0x00000000a5400000, 0x00000000e0000000)
  object space 86016K, 4% used [0x00000000a0000000,0x00000000a03c1368,0x00000000a5400000)
 Metaspace       used 17664K, capacity 18102K, committed 18432K, reserved 1064960K
  class space    used 2534K, capacity 2695K, committed 2816K, reserved 1048576K
Event: 2.056 GC heap after
Heap after GC invocations=5 (full 0):
 PSYoungGen      total 37888K, used 5088K [0x00000000e0000000, 0x00000000e5400000, 0x0000000100000000)
  eden space 32768K, 0% used [0x00000000e0000000,0x00000000e0000000,0x00000000e2000000)
  from space 5120K, 99% used [0x00000000e2000000,0x00000000e24f8020,0x00000000e2500000)
  to   space 10240K, 0% used [0x00000000e4a00000,0x00000000e4a00000,0x00000000e5400000)
 ParOldGen       total 86016K, used 7465K [0x00000000a0000000, 0x00000000a5400000, 0x00000000e0000000)
  object space 86016K, 8% used [0x00000000a0000000,0x00000000a074a740,0x00000000a5400000)
 Metaspace       used 17664K, capacity 18102K, committed 18432K, reserved 1064960K
  class space    used 2534K, capacity 2695K, committed 2816K, reserved 1048576K
}
Event: 2.415 GC heap before
{Heap before GC invocations=6 (full 0):
 PSYoungGen      total 37888K, used 36170K [0x00000000e0000000, 0x00000000e5400000, 0x0000000100000000)
  eden space 32768K, 94% used [0x00000000e0000000,0x00000000e1e5ab48,0x00000000e2000000)
  from space 5120K, 99% used [0x00000000e2000000,0x00000000e24f8020,0x00000000e2500000)
  to   space 10240K, 0% used [0x00000000e4a00000,0x00000000e4a00000,0x00000000e5400000)
 ParOldGen       total 86016K, used 7465K [0x00000000a0000000, 0x00000000a5400000, 0x00000000e0000000)
  object space 86016K, 8% used [0x00000000a0000000,0x00000000a074a740,0x00000000a5400000)
 Metaspace       used 20623K, capacity 21144K, committed 21296K, reserved 1067008K
  class space    used 2982K, capacity 3139K, committed 3200K, reserved 1048576K
Event: 2.421 GC heap after
Heap after GC invocations=6 (full 0):
 PSYoungGen      total 74240K, used 9175K [0x00000000e0000000, 0x00000000e5700000, 0x0000000100000000)
  eden space 64000K, 0% used [0x00000000e0000000,0x00000000e0000000,0x00000000e3e80000)
  from space 10240K, 89% used [0x00000000e4a00000,0x00000000e52f5d90,0x00000000e5400000)
  to   space 11776K, 0% used [0x00000000e3e80000,0x00000000e3e80000,0x00000000e4a00000)
 ParOldGen       total 86016K, used 7473K [0x00000000a0000000, 0x00000000a5400000, 0x00000000e0000000)
  object space 86016K, 8% used [0x00000000a0000000,0x00000000a074c740,0x00000000a5400000)
 Metaspace       used 20623K, capacity 21144K, committed 21296K, reserved 1067008K
  class space    used 2982K, capacity 3139K, committed 3200K, reserved 1048576K
}
Event: 2.421 GC heap before
{Heap before GC invocations=7 (full 1):
 PSYoungGen      total 74240K, used 9175K [0x00000000e0000000, 0x00000000e5700000, 0x0000000100000000)
  eden space 64000K, 0% used [0x00000000e0000000,0x00000000e0000000,0x00000000e3e80000)
  from space 10240K, 89% used [0x00000000e4a00000,0x00000000e52f5d90,0x00000000e5400000)
  to   space 11776K, 0% used [0x00000000e3e80000,0x00000000e3e80000,0x00000000e4a00000)
 ParOldGen       total 86016K, used 7473K [0x00000000a0000000, 0x00000000a5400000, 0x00000000e0000000)
  object space 86016K, 8% used [0x00000000a0000000,0x00000000a074c740,0x00000000a5400000)
 Metaspace       used 20623K, capacity 21144K, committed 21296K, reserved 1067008K
  class space    used 2982K, capacity 3139K, committed 3200K, reserved 1048576K
Event: 2.449 GC heap after
Heap after GC invocations=7 (full 1):
 PSYoungGen      total 74240K, used 0K [0x00000000e0000000, 0x00000000e5700000, 0x0000000100000000)
  eden space 64000K, 0% used [0x00000000e0000000,0x00000000e0000000,0x00000000e3e80000)
  from space 10240K, 0% used [0x00000000e4a00000,0x00000000e4a00000,0x00000000e5400000)
  to   space 11776K, 0% used [0x00000000e3e80000,0x00000000e3e80000,0x00000000e4a00000)
 ParOldGen       total 60928K, used 9738K [0x00000000a0000000, 0x00000000a3b80000, 0x00000000e0000000)
  object space 60928K, 15% used [0x00000000a0000000,0x00000000a0982ad0,0x00000000a3b80000)
 Metaspace       used 20623K, capacity 21144K, committed 21296K, reserved 1067008K
  class space    used 2982K, capacity 3139K, committed 3200K, reserved 1048576K
}
Event: 2.918 GC heap before
{Heap before GC invocations=8 (full 1):
 PSYoungGen      total 74240K, used 64000K [0x00000000e0000000, 0x00000000e5700000, 0x0000000100000000)
  eden space 64000K, 100% used [0x00000000e0000000,0x00000000e3e80000,0x00000000e3e80000)
  from space 10240K, 0% used [0x00000000e4a00000,0x00000000e4a00000,0x00000000e5400000)
  to   space 11776K, 0% used [0x00000000e3e80000,0x00000000e3e80000,0x00000000e4a00000)
 ParOldGen       total 60928K, used 9738K [0x00000000a0000000, 0x00000000a3b80000, 0x00000000e0000000)
  object space 60928K, 15% used [0x00000000a0000000,0x00000000a0982ad0,0x00000000a3b80000)
 Metaspace       used 28011K, capacity 28538K, committed 28928K, reserved 1075200K
  class space    used 3823K, capacity 3980K, committed 4096K, reserved 1048576K
Event: 2.925 GC heap after
Heap after GC invocations=8 (full 1):
 PSYoungGen      total 75776K, used 7330K [0x00000000e0000000, 0x00000000e5700000, 0x0000000100000000)
  eden space 64000K, 0% used [0x00000000e0000000,0x00000000e0000000,0x00000000e3e80000)
  from space 11776K, 62% used [0x00000000e3e80000,0x00000000e45a8a80,0x00000000e4a00000)
  to   space 10240K, 0% used [0x00000000e4a00000,0x00000000e4a00000,0x00000000e5400000)
 ParOldGen       total 60928K, used 9746K [0x00000000a0000000, 0x00000000a3b80000, 0x00000000e0000000)
  object space 60928K, 15% used [0x00000000a0000000,0x00000000a0984ad0,0x00000000a3b80000)
 Metaspace       used 28011K, capacity 28538K, committed 28928K, reserved 1075200K
  class space    used 3823K, capacity 3980K, committed 4096K, reserved 1048576K
}

