# JRE version: OpenJDK Runtime Environment (8.0_212-b04) (build 1.8.0_212-release-1586-b04)
# Java VM: OpenJDK 64-Bit Server VM (25.212-b04 mixed mode windows-amd64 compressed oops)
Heap:
 PSYoungGen      total 70656K, used 10066K [0x00000000e0000000, 0x00000000e6600000, 0x0000000100000000)
  eden space 65536K, 7% used [0x00000000e0000000,0x00000000e04d4ef0,0x00000000e4000000)
  from space 5120K, 99% used [0x00000000e4000000,0x00000000e44ffbe0,0x00000000e4500000)
  to   space 12288K, 0% used [0x00000000e5a00000,0x00000000e5a00000,0x00000000e6600000)
 ParOldGen       total 91136K, used 15709K [0x00000000a0000000, 0x00000000a5900000, 0x00000000e0000000)
  object space 91136K, 17% used [0x00000000a0000000,0x00000000a0f57730,0x00000000a5900000)
 Metaspace       used 37607K, capacity 38354K, committed 38656K, reserved 1083392K
  class space    used 5058K, capacity 5252K, committed 5376K, reserved 1048576K
GC Heap History (10 events):
Event: 4.011 GC heap before
{Heap before GC invocations=7 (full 1):
 PSYoungGen      total 70656K, used 65536K [0x00000000e0000000, 0x00000000e4a00000, 0x0000000100000000)
  eden space 65536K, 100% used [0x00000000e0000000,0x00000000e4000000,0x00000000e4000000)
  from space 5120K, 0% used [0x00000000e4000000,0x00000000e4000000,0x00000000e4500000)
  to   space 5120K, 0% used [0x00000000e4500000,0x00000000e4500000,0x00000000e4a00000)
 ParOldGen       total 62464K, used 12297K [0x00000000a0000000, 0x00000000a3d00000, 0x00000000e0000000)
  object space 62464K, 19% used [0x00000000a0000000,0x00000000a0c02590,0x00000000a3d00000)
 Metaspace       used 28083K, capacity 28668K, committed 28928K, reserved 1075200K
  class space    used 3847K, capacity 4045K, committed 4096K, reserved 1048576K
Event: 4.018 GC heap after
Heap after GC invocations=7 (full 1):
 PSYoungGen      total 70656K, used 5116K [0x00000000e0000000, 0x00000000e4a00000, 0x0000000100000000)
  eden space 65536K, 0% used [0x00000000e0000000,0x00000000e0000000,0x00000000e4000000)
  from space 5120K, 99% used [0x00000000e4500000,0x00000000e49ff3e0,0x00000000e4a00000)
  to   space 5120K, 0% used [0x00000000e4000000,0x00000000e4000000,0x00000000e4500000)
 ParOldGen       total 62464K, used 14614K [0x00000000a0000000, 0x00000000a3d00000, 0x00000000e0000000)
  object space 62464K, 23% used [0x00000000a0000000,0x00000000a0e45b90,0x00000000a3d00000)
 Metaspace       used 28083K, capacity 28668K, committed 28928K, reserved 1075200K
  class space    used 3847K, capacity 4045K, committed 4096K, reserved 1048576K
}
Event: 4.827 GC heap before
{Heap before GC invocations=8 (full 1):
 PSYoungGen      total 70656K, used 70652K [0x00000000e0000000, 0x00000000e4a00000, 0x0000000100000000)
  eden space 65536K, 100% used [0x00000000e0000000,0x00000000e4000000,0x00000000e4000000)
  from space 5120K, 99% used [0x00000000e4500000,0x00000000e49ff3e0,0x00000000e4a00000)
  to   space 5120K, 0% used [0x00000000e4000000,0x00000000e4000000,0x00000000e4500000)
 ParOldGen       total 62464K, used 14614K [0x00000000a0000000, 0x00000000a3d00000, 0x00000000e0000000)
  object space 62464K, 23% used [0x00000000a0000000,0x00000000a0e45b90,0x00000000a3d00000)
 Metaspace       used 33170K, capacity 33754K, committed 33920K, reserved 1079296K
  class space    used 4465K, capacity 4663K, committed 4736K, reserved 1048576K
Event: 4.834 GC heap after
Heap after GC invocations=8 (full 1):
 PSYoungGen      total 70656K, used 5108K [0x00000000e0000000, 0x00000000e4a00000, 0x0000000100000000)
  eden space 65536K, 0% used [0x00000000e0000000,0x00000000e0000000,0x00000000e4000000)
  from space 5120K, 99% used [0x00000000e4000000,0x00000000e44fd0b0,0x00000000e4500000)
  to   space 5120K, 0% used [0x00000000e4500000,0x00000000e4500000,0x00000000e4a00000)
 ParOldGen       total 62464K, used 19516K [0x00000000a0000000, 0x00000000a3d00000, 0x00000000e0000000)
  object space 62464K, 31% used [0x00000000a0000000,0x00000000a130f1f8,0x00000000a3d00000)
 Metaspace       used 33170K, capacity 33754K, committed 33920K, reserved 1079296K
  class space    used 4465K, capacity 4663K, committed 4736K, reserved 1048576K
}
Event: 5.064 GC heap before
{Heap before GC invocations=9 (full 1):
 PSYoungGen      total 70656K, used 26152K [0x00000000e0000000, 0x00000000e4a00000, 0x0000000100000000)
  eden space 65536K, 32% used [0x00000000e0000000,0x00000000e148d188,0x00000000e4000000)
  from space 5120K, 99% used [0x00000000e4000000,0x00000000e44fd0b0,0x00000000e4500000)
  to   space 5120K, 0% used [0x00000000e4500000,0x00000000e4500000,0x00000000e4a00000)
 ParOldGen       total 62464K, used 19516K [0x00000000a0000000, 0x00000000a3d00000, 0x00000000e0000000)
  object space 62464K, 31% used [0x00000000a0000000,0x00000000a130f1f8,0x00000000a3d00000)
 Metaspace       used 34553K, capacity 35332K, committed 35496K, reserved 1079296K
  class space    used 4562K, capacity 4781K, committed 4864K, reserved 1048576K
Event: 5.069 GC heap after
Heap after GC invocations=9 (full 1):
 PSYoungGen      total 70656K, used 5104K [0x00000000e0000000, 0x00000000e4a00000, 0x0000000100000000)
  eden space 65536K, 0% used [0x00000000e0000000,0x00000000e0000000,0x00000000e4000000)
  from space 5120K, 99% used [0x00000000e4500000,0x00000000e49fc168,0x00000000e4a00000)
  to   space 5120K, 0% used [0x00000000e4000000,0x00000000e4000000,0x00000000e4500000)
 ParOldGen       total 62464K, used 21277K [0x00000000a0000000, 0x00000000a3d00000, 0x00000000e0000000)
  object space 62464K, 34% used [0x00000000a0000000,0x00000000a14c7410,0x00000000a3d00000)
 Metaspace       used 34553K, capacity 35332K, committed 35496K, reserved 1079296K
  class space    used 4562K, capacity 4781K, committed 4864K, reserved 1048576K
}
Event: 5.069 GC heap before
{Heap before GC invocations=10 (full 2):
 PSYoungGen      total 70656K, used 5104K [0x00000000e0000000, 0x00000000e4a00000, 0x0000000100000000)
  eden space 65536K, 0% used [0x00000000e0000000,0x00000000e0000000,0x00000000e4000000)
  from space 5120K, 99% used [0x00000000e4500000,0x00000000e49fc168,0x00000000e4a00000)
  to   space 5120K, 0% used [0x00000000e4000000,0x00000000e4000000,0x00000000e4500000)
 ParOldGen       total 62464K, used 21277K [0x00000000a0000000, 0x00000000a3d00000, 0x00000000e0000000)
  object space 62464K, 34% used [0x00000000a0000000,0x00000000a14c7410,0x00000000a3d00000)
 Metaspace       used 34553K, capacity 35332K, committed 35496K, reserved 1079296K
  class space    used 4562K, capacity 4781K, committed 4864K, reserved 1048576K
Event: 5.143 GC heap after
Heap after GC invocations=10 (full 2):
 PSYoungGen      total 70656K, used 0K [0x00000000e0000000, 0x00000000e4a00000, 0x0000000100000000)
  eden space 65536K, 0% used [0x00000000e0000000,0x00000000e0000000,0x00000000e4000000)
  from space 5120K, 0% used [0x00000000e4500000,0x00000000e4500000,0x00000000e4a00000)
  to   space 5120K, 0% used [0x00000000e4000000,0x00000000e4000000,0x00000000e4500000)
 ParOldGen       total 91136K, used 14544K [0x00000000a0000000, 0x00000000a5900000, 0x00000000e0000000)
  object space 91136K, 15% used [0x00000000a0000000,0x00000000a0e34118,0x00000000a5900000)
 Metaspace       used 34507K, capacity 35228K, committed 35496K, reserved 1079296K
  class space    used 4551K, capacity 4769K, committed 4864K, reserved 1048576K
}
Event: 5.785 GC heap before
{Heap before GC invocations=11 (full 2):
 PSYoungGen      total 70656K, used 65536K [0x00000000e0000000, 0x00000000e4a00000, 0x0000000100000000)
  eden space 65536K, 100% used [0x00000000e0000000,0x00000000e4000000,0x00000000e4000000)
  from space 5120K, 0% used [0x00000000e4500000,0x00000000e4500000,0x00000000e4a00000)
  to   space 5120K, 0% used [0x00000000e4000000,0x00000000e4000000,0x00000000e4500000)
 ParOldGen       total 91136K, used 14544K [0x00000000a0000000, 0x00000000a5900000, 0x00000000e0000000)
  object space 91136K, 15% used [0x00000000a0000000,0x00000000a0e34118,0x00000000a5900000)
 Metaspace       used 37469K, capacity 38226K, committed 38400K, reserved 1083392K
  class space    used 5037K, capacity 5252K, committed 5376K, reserved 1048576K
Event: 5.790 GC heap after
Heap after GC invocations=11 (full 2):
 PSYoungGen      total 70656K, used 5118K [0x00000000e0000000, 0x00000000e6600000, 0x0000000100000000)
  eden space 65536K, 0% used [0x00000000e0000000,0x00000000e0000000,0x00000000e4000000)
  from space 5120K, 99% used [0x00000000e4000000,0x00000000e44ffbe0,0x00000000e4500000)
  to   space 12288K, 0% used [0x00000000e5a00000,0x00000000e5a00000,0x00000000e6600000)
 ParOldGen       total 91136K, used 15709K [0x00000000a0000000, 0x00000000a5900000, 0x00000000e0000000)
  object space 91136K, 17% used [0x00000000a0000000,0x00000000a0f57730,0x00000000a5900000)
 Metaspace       used 37469K, capacity 38226K, committed 38400K, reserved 1083392K
  class space    used 5037K, capacity 5252K, committed 5376K, reserved 1048576K
}

