# JRE version: OpenJDK Runtime Environment (8.0_212-b04) (build 1.8.0_212-release-1586-b04)
# Java VM: OpenJDK 64-Bit Server VM (25.212-b04 mixed mode windows-amd64 compressed oops)
Heap:
 PSYoungGen      total 75776K, used 47439K [0x00000000e0000000, 0x00000000e7980000, 0x0000000100000000)
  eden space 64512K, 62% used [0x00000000e0000000,0x00000000e274a970,0x00000000e3f00000)
  from space 11264K, 63% used [0x00000000e3f00000,0x00000000e4609630,0x00000000e4a00000)
  to   space 11264K, 0% used [0x00000000e6e80000,0x00000000e6e80000,0x00000000e7980000)
 ParOldGen       total 60928K, used 9745K [0x00000000a0000000, 0x00000000a3b80000, 0x00000000e0000000)
  object space 60928K, 15% used [0x00000000a0000000,0x00000000a09847e8,0x00000000a3b80000)
 Metaspace       used 29971K, capacity 30580K, committed 30848K, reserved 1075200K
  class space    used 4144K, capacity 4357K, committed 4480K, reserved 1048576K
GC Heap History (10 events):
Event: 1.608 GC heap before
{Heap before GC invocations=4 (full 0):
 PSYoungGen      total 37888K, used 37856K [0x00000000e0000000, 0x00000000e2a00000, 0x0000000100000000)
  eden space 32768K, 100% used [0x00000000e0000000,0x00000000e2000000,0x00000000e2000000)
  from space 5120K, 99% used [0x00000000e2000000,0x00000000e24f8020,0x00000000e2500000)
  to   space 5120K, 0% used [0x00000000e2500000,0x00000000e2500000,0x00000000e2a00000)
 ParOldGen       total 86016K, used 1355K [0x00000000a0000000, 0x00000000a5400000, 0x00000000e0000000)
  object space 86016K, 1% used [0x00000000a0000000,0x00000000a0152e10,0x00000000a5400000)
 Metaspace       used 14604K, capacity 14988K, committed 15232K, reserved 1062912K
  class space    used 2044K, capacity 2164K, committed 2176K, reserved 1048576K
Event: 1.614 GC heap after
Heap after GC invocations=4 (full 0):
 PSYoungGen      total 37888K, used 5088K [0x00000000e0000000, 0x00000000e4a00000, 0x0000000100000000)
  eden space 32768K, 0% used [0x00000000e0000000,0x00000000e0000000,0x00000000e2000000)
  from space 5120K, 99% used [0x00000000e2500000,0x00000000e29f8020,0x00000000e2a00000)
  to   space 5120K, 0% used [0x00000000e2000000,0x00000000e2000000,0x00000000e2500000)
 ParOldGen       total 86016K, used 3845K [0x00000000a0000000, 0x00000000a5400000, 0x00000000e0000000)
  object space 86016K, 4% used [0x00000000a0000000,0x00000000a03c1768,0x00000000a5400000)
 Metaspace       used 14604K, capacity 14988K, committed 15232K, reserved 1062912K
  class space    used 2044K, capacity 2164K, committed 2176K, reserved 1048576K
}
Event: 1.897 GC heap before
{Heap before GC invocations=5 (full 0):
 PSYoungGen      total 37888K, used 37856K [0x00000000e0000000, 0x00000000e4a00000, 0x0000000100000000)
  eden space 32768K, 100% used [0x00000000e0000000,0x00000000e2000000,0x00000000e2000000)
  from space 5120K, 99% used [0x00000000e2500000,0x00000000e29f8020,0x00000000e2a00000)
  to   space 5120K, 0% used [0x00000000e2000000,0x00000000e2000000,0x00000000e2500000)
 ParOldGen       total 86016K, used 3845K [0x00000000a0000000, 0x00000000a5400000, 0x00000000e0000000)
  object space 86016K, 4% used [0x00000000a0000000,0x00000000a03c1768,0x00000000a5400000)
 Metaspace       used 17667K, capacity 18102K, committed 18432K, reserved 1064960K
  class space    used 2534K, capacity 2695K, committed 2816K, reserved 1048576K
Event: 1.905 GC heap after
Heap after GC invocations=5 (full 0):
 PSYoungGen      total 37888K, used 5104K [0x00000000e0000000, 0x00000000e5400000, 0x0000000100000000)
  eden space 32768K, 0% used [0x00000000e0000000,0x00000000e0000000,0x00000000e2000000)
  from space 5120K, 99% used [0x00000000e2000000,0x00000000e24fc010,0x00000000e2500000)
  to   space 10240K, 0% used [0x00000000e4a00000,0x00000000e4a00000,0x00000000e5400000)
 ParOldGen       total 86016K, used 7445K [0x00000000a0000000, 0x00000000a5400000, 0x00000000e0000000)
  object space 86016K, 8% used [0x00000000a0000000,0x00000000a0745558,0x00000000a5400000)
 Metaspace       used 17667K, capacity 18102K, committed 18432K, reserved 1064960K
  class space    used 2534K, capacity 2695K, committed 2816K, reserved 1048576K
}
Event: 2.231 GC heap before
{Heap before GC invocations=6 (full 0):
 PSYoungGen      total 37888K, used 35627K [0x00000000e0000000, 0x00000000e5400000, 0x0000000100000000)
  eden space 32768K, 93% used [0x00000000e0000000,0x00000000e1dced70,0x00000000e2000000)
  from space 5120K, 99% used [0x00000000e2000000,0x00000000e24fc010,0x00000000e2500000)
  to   space 10240K, 0% used [0x00000000e4a00000,0x00000000e4a00000,0x00000000e5400000)
 ParOldGen       total 86016K, used 7445K [0x00000000a0000000, 0x00000000a5400000, 0x00000000e0000000)
  object space 86016K, 8% used [0x00000000a0000000,0x00000000a0745558,0x00000000a5400000)
 Metaspace       used 20608K, capacity 21144K, committed 21296K, reserved 1067008K
  class space    used 2981K, capacity 3139K, committed 3200K, reserved 1048576K
Event: 2.238 GC heap after
Heap after GC invocations=6 (full 0):
 PSYoungGen      total 74752K, used 9129K [0x00000000e0000000, 0x00000000e5600000, 0x0000000100000000)
  eden space 64512K, 0% used [0x00000000e0000000,0x00000000e0000000,0x00000000e3f00000)
  from space 10240K, 89% used [0x00000000e4a00000,0x00000000e52ea700,0x00000000e5400000)
  to   space 11264K, 0% used [0x00000000e3f00000,0x00000000e3f00000,0x00000000e4a00000)
 ParOldGen       total 86016K, used 7453K [0x00000000a0000000, 0x00000000a5400000, 0x00000000e0000000)
  object space 86016K, 8% used [0x00000000a0000000,0x00000000a0747558,0x00000000a5400000)
 Metaspace       used 20608K, capacity 21144K, committed 21296K, reserved 1067008K
  class space    used 2981K, capacity 3139K, committed 3200K, reserved 1048576K
}
Event: 2.238 GC heap before
{Heap before GC invocations=7 (full 1):
 PSYoungGen      total 74752K, used 9129K [0x00000000e0000000, 0x00000000e5600000, 0x0000000100000000)
  eden space 64512K, 0% used [0x00000000e0000000,0x00000000e0000000,0x00000000e3f00000)
  from space 10240K, 89% used [0x00000000e4a00000,0x00000000e52ea700,0x00000000e5400000)
  to   space 11264K, 0% used [0x00000000e3f00000,0x00000000e3f00000,0x00000000e4a00000)
 ParOldGen       total 86016K, used 7453K [0x00000000a0000000, 0x00000000a5400000, 0x00000000e0000000)
  object space 86016K, 8% used [0x00000000a0000000,0x00000000a0747558,0x00000000a5400000)
 Metaspace       used 20608K, capacity 21144K, committed 21296K, reserved 1067008K
  class space    used 2981K, capacity 3139K, committed 3200K, reserved 1048576K
Event: 2.265 GC heap after
Heap after GC invocations=7 (full 1):
 PSYoungGen      total 74752K, used 0K [0x00000000e0000000, 0x00000000e5600000, 0x0000000100000000)
  eden space 64512K, 0% used [0x00000000e0000000,0x00000000e0000000,0x00000000e3f00000)
  from space 10240K, 0% used [0x00000000e4a00000,0x00000000e4a00000,0x00000000e5400000)
  to   space 11264K, 0% used [0x00000000e3f00000,0x00000000e3f00000,0x00000000e4a00000)
 ParOldGen       total 60928K, used 9737K [0x00000000a0000000, 0x00000000a3b80000, 0x00000000e0000000)
  object space 60928K, 15% used [0x00000000a0000000,0x00000000a09827e8,0x00000000a3b80000)
 Metaspace       used 20608K, capacity 21144K, committed 21296K, reserved 1067008K
  class space    used 2981K, capacity 3139K, committed 3200K, reserved 1048576K
}
Event: 2.786 GC heap before
{Heap before GC invocations=8 (full 1):
 PSYoungGen      total 74752K, used 64512K [0x00000000e0000000, 0x00000000e5600000, 0x0000000100000000)
  eden space 64512K, 100% used [0x00000000e0000000,0x00000000e3f00000,0x00000000e3f00000)
  from space 10240K, 0% used [0x00000000e4a00000,0x00000000e4a00000,0x00000000e5400000)
  to   space 11264K, 0% used [0x00000000e3f00000,0x00000000e3f00000,0x00000000e4a00000)
 ParOldGen       total 60928K, used 9737K [0x00000000a0000000, 0x00000000a3b80000, 0x00000000e0000000)
  object space 60928K, 15% used [0x00000000a0000000,0x00000000a09827e8,0x00000000a3b80000)
 Metaspace       used 27935K, capacity 28474K, committed 28672K, reserved 1073152K
  class space    used 3820K, capacity 3980K, committed 4096K, reserved 1048576K
Event: 2.795 GC heap after
Heap after GC invocations=8 (full 1):
 PSYoungGen      total 75776K, used 7205K [0x00000000e0000000, 0x00000000e7980000, 0x0000000100000000)
  eden space 64512K, 0% used [0x00000000e0000000,0x00000000e0000000,0x00000000e3f00000)
  from space 11264K, 63% used [0x00000000e3f00000,0x00000000e4609630,0x00000000e4a00000)
  to   space 11264K, 0% used [0x00000000e6e80000,0x00000000e6e80000,0x00000000e7980000)
 ParOldGen       total 60928K, used 9745K [0x00000000a0000000, 0x00000000a3b80000, 0x00000000e0000000)
  object space 60928K, 15% used [0x00000000a0000000,0x00000000a09847e8,0x00000000a3b80000)
 Metaspace       used 27935K, capacity 28474K, committed 28672K, reserved 1073152K
  class space    used 3820K, capacity 3980K, committed 4096K, reserved 1048576K
}

