# JRE version: OpenJDK Runtime Environment (8.0_212-b04) (build 1.8.0_212-release-1586-b04)
# Java VM: OpenJDK 64-Bit Server VM (25.212-b04 mixed mode windows-amd64 compressed oops)
Heap:
 PSYoungGen      total 137216K, used 70259K [0x00000000e0000000, 0x00000000e9280000, 0x0000000100000000)
  eden space 127488K, 49% used [0x00000000e0000000,0x00000000e3d10fe8,0x00000000e7c80000)
  from space 9728K, 79% used [0x00000000e8900000,0x00000000e908be20,0x00000000e9280000)
  to   space 11264K, 0% used [0x00000000e7c80000,0x00000000e7c80000,0x00000000e8780000)
 ParOldGen       total 45568K, used 7228K [0x00000000a0000000, 0x00000000a2c80000, 0x00000000e0000000)
  object space 45568K, 15% used [0x00000000a0000000,0x00000000a070f3f0,0x00000000a2c80000)
 Metaspace       used 31950K, capacity 32654K, committed 32768K, reserved 1079296K
  class space    used 4315K, capacity 4560K, committed 4608K, reserved 1048576K
GC Heap History (10 events):
Event: 3.840 GC heap before
{Heap before GC invocations=5 (full 0):
 PSYoungGen      total 37888K, used 37872K [0x00000000e0000000, 0x00000000e4a00000, 0x0000000100000000)
  eden space 32768K, 100% used [0x00000000e0000000,0x00000000e2000000,0x00000000e2000000)
  from space 5120K, 99% used [0x00000000e2500000,0x00000000e29fc030,0x00000000e2a00000)
  to   space 5120K, 0% used [0x00000000e2000000,0x00000000e2000000,0x00000000e2500000)
 ParOldGen       total 86016K, used 3864K [0x00000000a0000000, 0x00000000a5400000, 0x00000000e0000000)
  object space 86016K, 4% used [0x00000000a0000000,0x00000000a03c6370,0x00000000a5400000)
 Metaspace       used 17679K, capacity 18102K, committed 18432K, reserved 1064960K
  class space    used 2536K, capacity 2695K, committed 2816K, reserved 1048576K
Event: 3.854 GC heap after
Heap after GC invocations=5 (full 0):
 PSYoungGen      total 37888K, used 5104K [0x00000000e0000000, 0x00000000e5400000, 0x0000000100000000)
  eden space 32768K, 0% used [0x00000000e0000000,0x00000000e0000000,0x00000000e2000000)
  from space 5120K, 99% used [0x00000000e2000000,0x00000000e24fc030,0x00000000e2500000)
  to   space 10240K, 0% used [0x00000000e4a00000,0x00000000e4a00000,0x00000000e5400000)
 ParOldGen       total 86016K, used 7470K [0x00000000a0000000, 0x00000000a5400000, 0x00000000e0000000)
  object space 86016K, 8% used [0x00000000a0000000,0x00000000a074b9f0,0x00000000a5400000)
 Metaspace       used 17679K, capacity 18102K, committed 18432K, reserved 1064960K
  class space    used 2536K, capacity 2695K, committed 2816K, reserved 1048576K
}
Event: 18.373 GC heap before
{Heap before GC invocations=6 (full 0):
 PSYoungGen      total 37888K, used 37872K [0x00000000e0000000, 0x00000000e5400000, 0x0000000100000000)
  eden space 32768K, 100% used [0x00000000e0000000,0x00000000e2000000,0x00000000e2000000)
  from space 5120K, 99% used [0x00000000e2000000,0x00000000e24fc030,0x00000000e2500000)
  to   space 10240K, 0% used [0x00000000e4a00000,0x00000000e4a00000,0x00000000e5400000)
 ParOldGen       total 86016K, used 7470K [0x00000000a0000000, 0x00000000a5400000, 0x00000000e0000000)
  object space 86016K, 8% used [0x00000000a0000000,0x00000000a074b9f0,0x00000000a5400000)
 Metaspace       used 20585K, capacity 21120K, committed 21296K, reserved 1069056K
  class space    used 2973K, capacity 3118K, committed 3200K, reserved 1048576K
Event: 18.379 GC heap after
Heap after GC invocations=6 (full 0):
 PSYoungGen      total 74752K, used 8653K [0x00000000e0000000, 0x00000000e5600000, 0x0000000100000000)
  eden space 64512K, 0% used [0x00000000e0000000,0x00000000e0000000,0x00000000e3f00000)
  from space 10240K, 84% used [0x00000000e4a00000,0x00000000e5273428,0x00000000e5400000)
  to   space 11264K, 0% used [0x00000000e3f00000,0x00000000e3f00000,0x00000000e4a00000)
 ParOldGen       total 86016K, used 7478K [0x00000000a0000000, 0x00000000a5400000, 0x00000000e0000000)
  object space 86016K, 8% used [0x00000000a0000000,0x00000000a074d9f0,0x00000000a5400000)
 Metaspace       used 20585K, capacity 21120K, committed 21296K, reserved 1069056K
  class space    used 2973K, capacity 3118K, committed 3200K, reserved 1048576K
}
Event: 18.395 GC heap before
{Heap before GC invocations=7 (full 0):
 PSYoungGen      total 74752K, used 9607K [0x00000000e0000000, 0x00000000e5600000, 0x0000000100000000)
  eden space 64512K, 1% used [0x00000000e0000000,0x00000000e00eeaf8,0x00000000e3f00000)
  from space 10240K, 84% used [0x00000000e4a00000,0x00000000e5273428,0x00000000e5400000)
  to   space 11264K, 0% used [0x00000000e3f00000,0x00000000e3f00000,0x00000000e4a00000)
 ParOldGen       total 86016K, used 7478K [0x00000000a0000000, 0x00000000a5400000, 0x00000000e0000000)
  object space 86016K, 8% used [0x00000000a0000000,0x00000000a074d9f0,0x00000000a5400000)
 Metaspace       used 20689K, capacity 21254K, committed 21296K, reserved 1069056K
  class space    used 2991K, capacity 3184K, committed 3200K, reserved 1048576K
Event: 18.400 GC heap after
Heap after GC invocations=7 (full 0):
 PSYoungGen      total 75776K, used 4244K [0x00000000e0000000, 0x00000000e9400000, 0x0000000100000000)
  eden space 64512K, 0% used [0x00000000e0000000,0x00000000e0000000,0x00000000e3f00000)
  from space 11264K, 37% used [0x00000000e3f00000,0x00000000e4325040,0x00000000e4a00000)
  to   space 11264K, 0% used [0x00000000e8900000,0x00000000e8900000,0x00000000e9400000)
 ParOldGen       total 86016K, used 9830K [0x00000000a0000000, 0x00000000a5400000, 0x00000000e0000000)
  object space 86016K, 11% used [0x00000000a0000000,0x00000000a0999a60,0x00000000a5400000)
 Metaspace       used 20689K, capacity 21254K, committed 21296K, reserved 1069056K
  class space    used 2991K, capacity 3184K, committed 3200K, reserved 1048576K
}
Event: 18.400 GC heap before
{Heap before GC invocations=8 (full 1):
 PSYoungGen      total 75776K, used 4244K [0x00000000e0000000, 0x00000000e9400000, 0x0000000100000000)
  eden space 64512K, 0% used [0x00000000e0000000,0x00000000e0000000,0x00000000e3f00000)
  from space 11264K, 37% used [0x00000000e3f00000,0x00000000e4325040,0x00000000e4a00000)
  to   space 11264K, 0% used [0x00000000e8900000,0x00000000e8900000,0x00000000e9400000)
 ParOldGen       total 86016K, used 9830K [0x00000000a0000000, 0x00000000a5400000, 0x00000000e0000000)
  object space 86016K, 11% used [0x00000000a0000000,0x00000000a0999a60,0x00000000a5400000)
 Metaspace       used 20689K, capacity 21254K, committed 21296K, reserved 1069056K
  class space    used 2991K, capacity 3184K, committed 3200K, reserved 1048576K
Event: 18.426 GC heap after
Heap after GC invocations=8 (full 1):
 PSYoungGen      total 75776K, used 0K [0x00000000e0000000, 0x00000000e9400000, 0x0000000100000000)
  eden space 64512K, 0% used [0x00000000e0000000,0x00000000e0000000,0x00000000e3f00000)
  from space 11264K, 0% used [0x00000000e3f00000,0x00000000e3f00000,0x00000000e4a00000)
  to   space 11264K, 0% used [0x00000000e8900000,0x00000000e8900000,0x00000000e9400000)
 ParOldGen       total 45568K, used 7220K [0x00000000a0000000, 0x00000000a2c80000, 0x00000000e0000000)
  object space 45568K, 15% used [0x00000000a0000000,0x00000000a070d3f0,0x00000000a2c80000)
 Metaspace       used 20689K, capacity 21254K, committed 21296K, reserved 1069056K
  class space    used 2991K, capacity 3184K, committed 3200K, reserved 1048576K
}
Event: 19.006 GC heap before
{Heap before GC invocations=9 (full 1):
 PSYoungGen      total 75776K, used 64512K [0x00000000e0000000, 0x00000000e9400000, 0x0000000100000000)
  eden space 64512K, 100% used [0x00000000e0000000,0x00000000e3f00000,0x00000000e3f00000)
  from space 11264K, 0% used [0x00000000e3f00000,0x00000000e3f00000,0x00000000e4a00000)
  to   space 11264K, 0% used [0x00000000e8900000,0x00000000e8900000,0x00000000e9400000)
 ParOldGen       total 45568K, used 7220K [0x00000000a0000000, 0x00000000a2c80000, 0x00000000e0000000)
  object space 45568K, 15% used [0x00000000a0000000,0x00000000a070d3f0,0x00000000a2c80000)
 Metaspace       used 28355K, capacity 28904K, committed 29184K, reserved 1077248K
  class space    used 3846K, capacity 4025K, committed 4096K, reserved 1048576K
Event: 19.013 GC heap after
Heap after GC invocations=9 (full 1):
 PSYoungGen      total 137216K, used 7727K [0x00000000e0000000, 0x00000000e9280000, 0x0000000100000000)
  eden space 127488K, 0% used [0x00000000e0000000,0x00000000e0000000,0x00000000e7c80000)
  from space 9728K, 79% used [0x00000000e8900000,0x00000000e908be20,0x00000000e9280000)
  to   space 11264K, 0% used [0x00000000e7c80000,0x00000000e7c80000,0x00000000e8780000)
 ParOldGen       total 45568K, used 7228K [0x00000000a0000000, 0x00000000a2c80000, 0x00000000e0000000)
  object space 45568K, 15% used [0x00000000a0000000,0x00000000a070f3f0,0x00000000a2c80000)
 Metaspace       used 28355K, capacity 28904K, committed 29184K, reserved 1077248K
  class space    used 3846K, capacity 4025K, committed 4096K, reserved 1048576K
}

